TN:
SF:src\app.js
FN:30,(anonymous_0)
FN:45,(anonymous_1)
FN:53,(anonymous_2)
FN:64,startServer
FN:69,(anonymous_4)
FN:81,(anonymous_5)
FN:86,(anonymous_6)
FNF:7
FNH:1
FNDA:1,(anonymous_0)
FNDA:0,(anonymous_1)
FNDA:0,(anonymous_2)
FNDA:0,startServer
FNDA:0,(anonymous_4)
FNDA:0,(anonymous_5)
FNDA:0,(anonymous_6)
DA:1,1
DA:2,1
DA:3,1
DA:4,1
DA:5,1
DA:7,1
DA:8,1
DA:10,1
DA:11,1
DA:14,1
DA:15,1
DA:18,1
DA:23,1
DA:26,1
DA:27,1
DA:30,1
DA:31,1
DA:39,1
DA:42,1
DA:45,1
DA:46,0
DA:53,1
DA:54,0
DA:55,0
DA:57,0
DA:65,0
DA:66,0
DA:67,0
DA:69,0
DA:70,0
DA:71,0
DA:72,0
DA:75,0
DA:76,0
DA:81,1
DA:82,0
DA:83,0
DA:86,1
DA:87,0
DA:88,0
DA:91,1
DA:92,0
DA:95,1
LF:43
LH:25
BRDA:11,0,0,1
BRDA:11,0,1,1
BRDA:57,1,0,0
BRDA:57,1,1,0
BRDA:59,2,0,0
BRDA:59,2,1,0
BRDA:91,3,0,0
BRDA:91,3,1,1
BRF:8
BRH:3
end_of_record
TN:
SF:src\controllers\urlController.js
FN:7,(anonymous_0)
FN:51,(anonymous_1)
FN:88,(anonymous_2)
FN:126,(anonymous_3)
FNF:4
FNH:4
FNDA:8,(anonymous_0)
FNDA:4,(anonymous_1)
FNDA:5,(anonymous_2)
FNDA:1,(anonymous_3)
DA:1,1
DA:2,1
DA:3,1
DA:8,8
DA:10,8
DA:11,8
DA:12,2
DA:18,6
DA:21,6
DA:22,1
DA:28,5
DA:31,5
DA:32,5
DA:34,5
DA:42,0
DA:43,0
DA:52,4
DA:53,4
DA:55,4
DA:56,2
DA:63,2
DA:65,2
DA:66,0
DA:73,2
DA:76,2
DA:79,0
DA:80,0
DA:89,5
DA:90,5
DA:92,5
DA:93,2
DA:99,3
DA:101,3
DA:102,0
DA:108,3
DA:117,0
DA:118,0
DA:127,1
DA:128,1
DA:129,1
DA:134,0
DA:135,0
DA:143,1
LF:43
LH:33
BRDA:11,0,0,2
BRDA:11,0,1,6
BRDA:21,1,0,1
BRDA:21,1,1,5
BRDA:55,2,0,2
BRDA:55,2,1,2
BRDA:55,3,0,4
BRDA:55,3,1,4
BRDA:65,4,0,0
BRDA:65,4,1,2
BRDA:92,5,0,2
BRDA:92,5,1,3
BRDA:92,6,0,5
BRDA:92,6,1,5
BRDA:101,7,0,0
BRDA:101,7,1,3
BRF:16
BRH:14
end_of_record
TN:
SF:src\database\database.js
FN:7,getDatabase
FN:8,(anonymous_1)
FN:17,initDatabase
FN:18,(anonymous_3)
FN:32,(anonymous_4)
FN:41,(anonymous_5)
FN:54,runQuery
FN:55,(anonymous_7)
FN:58,(anonymous_8)
FN:65,(anonymous_9)
FN:77,getRow
FN:78,(anonymous_11)
FN:81,(anonymous_12)
FN:88,(anonymous_13)
FN:100,getAllRows
FN:101,(anonymous_15)
FN:104,(anonymous_16)
FN:111,(anonymous_17)
FN:123,closeDatabase
FN:124,(anonymous_19)
FN:126,(anonymous_20)
FNF:21
FNH:18
FNDA:21,getDatabase
FNDA:21,(anonymous_1)
FNDA:1,initDatabase
FNDA:1,(anonymous_3)
FNDA:1,(anonymous_4)
FNDA:1,(anonymous_5)
FNDA:2,runQuery
FNDA:2,(anonymous_7)
FNDA:2,(anonymous_8)
FNDA:2,(anonymous_9)
FNDA:17,getRow
FNDA:17,(anonymous_11)
FNDA:17,(anonymous_12)
FNDA:17,(anonymous_13)
FNDA:1,getAllRows
FNDA:1,(anonymous_15)
FNDA:1,(anonymous_16)
FNDA:1,(anonymous_17)
FNDA:0,closeDatabase
FNDA:0,(anonymous_19)
FNDA:0,(anonymous_20)
DA:1,1
DA:2,1
DA:4,1
DA:8,21
DA:9,21
DA:10,0
DA:11,0
DA:18,1
DA:19,1
DA:21,1
DA:32,1
DA:33,1
DA:34,0
DA:35,0
DA:36,0
DA:37,0
DA:40,1
DA:41,1
DA:42,1
DA:43,0
DA:44,0
DA:46,1
DA:55,2
DA:56,2
DA:58,2
DA:59,2
DA:60,0
DA:61,0
DA:62,0
DA:65,2
DA:66,2
DA:67,0
DA:69,2
DA:78,17
DA:79,17
DA:81,17
DA:82,17
DA:83,0
DA:84,0
DA:85,0
DA:88,17
DA:89,17
DA:90,0
DA:92,17
DA:101,1
DA:102,1
DA:104,1
DA:105,1
DA:106,0
DA:107,0
DA:108,0
DA:111,1
DA:112,1
DA:113,0
DA:115,1
DA:124,0
DA:125,0
DA:126,0
DA:127,0
DA:128,0
DA:130,0
DA:135,1
LF:62
LH:36
BRDA:9,0,0,0
BRDA:9,0,1,21
BRDA:33,1,0,0
BRDA:33,1,1,1
BRDA:42,2,0,0
BRDA:42,2,1,1
BRDA:54,3,0,0
BRDA:59,4,0,0
BRDA:59,4,1,2
BRDA:66,5,0,0
BRDA:66,5,1,2
BRDA:77,6,0,0
BRDA:82,7,0,0
BRDA:82,7,1,17
BRDA:89,8,0,0
BRDA:89,8,1,17
BRDA:100,9,0,1
BRDA:105,10,0,0
BRDA:105,10,1,1
BRDA:112,11,0,0
BRDA:112,11,1,1
BRDA:127,12,0,0
BRDA:127,12,1,0
BRF:23
BRH:10
end_of_record
TN:
SF:src\models\urlModel.js
FN:6,(anonymous_0)
FN:11,(anonymous_1)
FN:48,(anonymous_2)
FN:58,(anonymous_3)
FN:68,(anonymous_4)
FN:78,(anonymous_5)
FN:97,(anonymous_6)
FN:113,(anonymous_7)
FN:123,(anonymous_8)
FNF:9
FNH:7
FNDA:5,(anonymous_0)
FNDA:5,(anonymous_1)
FNDA:12,(anonymous_2)
FNDA:5,(anonymous_3)
FNDA:0,(anonymous_4)
FNDA:2,(anonymous_5)
FNDA:3,(anonymous_6)
FNDA:1,(anonymous_7)
FNDA:0,(anonymous_8)
DA:1,1
DA:2,1
DA:7,5
DA:13,5
DA:14,5
DA:17,5
DA:18,5
DA:19,5
DA:20,5
DA:21,0
DA:24,5
DA:25,0
DA:29,5
DA:30,5
DA:31,5
DA:34,0
DA:39,0
DA:40,0
DA:41,0
DA:43,0
DA:49,12
DA:50,12
DA:51,12
DA:53,0
DA:59,5
DA:60,5
DA:61,5
DA:63,0
DA:69,0
DA:70,0
DA:71,0
DA:73,0
DA:79,2
DA:85,2
DA:86,2
DA:87,2
DA:88,0
DA:90,2
DA:92,0
DA:98,3
DA:99,3
DA:100,0
DA:103,3
DA:114,1
DA:115,1
DA:116,1
DA:118,0
DA:124,0
DA:125,0
DA:126,0
DA:127,0
DA:129,0
DA:134,1
LF:53
LH:31
BRDA:20,0,0,5
BRDA:20,0,1,0
BRDA:24,1,0,0
BRDA:24,1,1,5
BRDA:30,2,0,5
BRDA:30,2,1,0
BRDA:87,3,0,0
BRDA:87,3,1,2
BRDA:99,4,0,0
BRDA:99,4,1,3
BRF:10
BRH:5
end_of_record
TN:
SF:src\routes\urlRoutes.js
FN:14,(anonymous_0)
FNF:1
FNH:1
FNDA:8,(anonymous_0)
DA:1,1
DA:2,1
DA:3,1
DA:5,1
DA:8,1
DA:16,8
DA:17,8
DA:18,6
DA:20,2
DA:26,1
DA:27,1
DA:28,1
DA:31,1
DA:33,1
LF:14
LH:14
BRF:0
BRH:0
end_of_record
TN:
SF:src\utils\urlUtils.js
FN:8,validateUrl
FN:49,normalizeUrl
FN:78,extractDomain
FN:92,isSafeUrl
FNF:4
FNH:2
FNDA:6,validateUrl
FNDA:5,normalizeUrl
FNDA:0,extractDomain
FNDA:0,isSafeUrl
DA:1,1
DA:9,6
DA:10,6
DA:13,6
DA:14,0
DA:18,6
DA:19,6
DA:27,6
DA:28,1
DA:32,5
DA:35,0
DA:38,5
DA:40,0
DA:50,5
DA:51,5
DA:54,5
DA:55,5
DA:59,5
DA:61,0
DA:65,5
DA:67,5
DA:69,0
DA:79,0
DA:80,0
DA:81,0
DA:83,0
DA:93,0
DA:94,0
DA:97,0
DA:98,0
DA:100,0
DA:101,0
DA:102,0
DA:107,0
DA:108,0
DA:111,0
DA:113,0
DA:117,1
LF:38
LH:18
BRDA:13,0,0,0
BRDA:13,0,1,6
BRDA:27,1,0,1
BRDA:27,1,1,5
BRDA:32,2,0,0
BRDA:32,2,1,5
BRDA:32,3,0,5
BRDA:32,3,1,5
BRDA:32,3,2,5
BRDA:54,4,0,5
BRDA:54,4,1,0
BRDA:59,5,0,0
BRDA:59,5,1,5
BRDA:59,6,0,5
BRDA:59,6,1,0
BRDA:59,6,2,5
BRDA:59,6,3,5
BRDA:101,7,0,0
BRDA:101,7,1,0
BRDA:107,8,0,0
BRDA:107,8,1,0
BRDA:107,9,0,0
BRDA:107,9,1,0
BRF:23
BRH:12
end_of_record
